[debug] [2023-12-31T15:46:46.308Z] ----------------------------------------------------------------------
[debug] [2023-12-31T15:46:46.314Z] Command:       C:\Program Files\nodejs\node.exe C:\Users\HP Laptop\AppData\Roaming\npm\node_modules\firebase-tools\lib\bin\firebase.js emulators:start
[debug] [2023-12-31T15:46:46.314Z] CLI Version:   13.0.2
[debug] [2023-12-31T15:46:46.315Z] Platform:      win32
[debug] [2023-12-31T15:46:46.315Z] Node Version:  v20.10.0
[debug] [2023-12-31T15:46:46.315Z] Time:          Sun Dec 31 2023 20:46:46 GMT+0500 (Pakistan Standard Time)
[debug] [2023-12-31T15:46:46.316Z] ----------------------------------------------------------------------
[debug] 
[debug] [2023-12-31T15:46:46.321Z] >>> [apiv2][query] GET https://firebase-public.firebaseio.com/cli.json [none]
[debug] [2023-12-31T15:46:46.578Z] > command requires scopes: ["email","openid","https://www.googleapis.com/auth/cloudplatformprojects.readonly","https://www.googleapis.com/auth/firebase","https://www.googleapis.com/auth/cloud-platform"]
[debug] [2023-12-31T15:46:46.578Z] > authorizing via signed-in user (qureshiismail107@gmail.com)
[info] i  emulators: Starting emulators: functions, hosting {"metadata":{"emulator":{"name":"hub"},"message":"Starting emulators: functions, hosting"}}
[debug] [2023-12-31T15:46:46.600Z] [logging] Logging Emulator only supports listening on one address (127.0.0.1). Not listening on ::1
[debug] [2023-12-31T15:46:46.643Z] [hosting] Hosting Emulator only supports listening on one address (127.0.0.1). Not listening on ::1
[debug] [2023-12-31T15:46:46.644Z] assigned listening specs for emulators {"user":{"hub":[{"address":"127.0.0.1","family":"IPv4","port":4400},{"address":"::1","family":"IPv6","port":4400}],"ui":[{"address":"127.0.0.1","family":"IPv4","port":4000},{"address":"::1","family":"IPv6","port":4000}],"logging":[{"address":"127.0.0.1","family":"IPv4","port":4500}],"hosting":[{"address":"127.0.0.1","family":"IPv4","port":5000}]},"metadata":{"message":"assigned listening specs for emulators"}}
[warn] !  emulators: It seems that you are running multiple instances of the emulator suite for project almayas-12. This may result in unexpected behavior. 
[debug] [2023-12-31T15:46:46.698Z] [hub] writing locator at C:\Users\HPLAPT~1\AppData\Local\Temp\hub-almayas-12.json
[debug] [2023-12-31T15:46:46.770Z] [functions] Functions Emulator only supports listening on one address (127.0.0.1). Not listening on ::1
[debug] [2023-12-31T15:46:46.771Z] [eventarc] Eventarc Emulator only supports listening on one address (127.0.0.1). Not listening on ::1
[debug] [2023-12-31T15:46:46.771Z] late-assigned ports for functions and eventarc emulators {"user":{"hub":[{"address":"127.0.0.1","family":"IPv4","port":4400},{"address":"::1","family":"IPv6","port":4400}],"ui":[{"address":"127.0.0.1","family":"IPv4","port":4000},{"address":"::1","family":"IPv6","port":4000}],"logging":[{"address":"127.0.0.1","family":"IPv4","port":4500}],"hosting":[{"address":"127.0.0.1","family":"IPv4","port":5000}],"functions":[{"address":"127.0.0.1","family":"IPv4","port":5001}],"eventarc":[{"address":"127.0.0.1","family":"IPv4","port":9299}]},"metadata":{"message":"late-assigned ports for functions and eventarc emulators"}}
[warn] !  functions: The following emulators are not running, calls to these services from the Functions emulator will affect production: auth, firestore, database, pubsub, storage {"metadata":{"emulator":{"name":"functions"},"message":"The following emulators are not running, calls to these services from the Functions emulator will affect production: \u001b[1mauth, firestore, database, pubsub, storage\u001b[22m"}}
[debug] [2023-12-31T15:46:46.782Z] defaultcredentials: writing to file C:\Users\HP Laptop\AppData\Roaming\firebase\qureshiismail107_gmail_com_application_default_credentials.json
[debug] [2023-12-31T15:46:46.789Z] Setting GAC to C:\Users\HP Laptop\AppData\Roaming\firebase\qureshiismail107_gmail_com_application_default_credentials.json {"metadata":{"emulator":{"name":"functions"},"message":"Setting GAC to C:\\Users\\HP Laptop\\AppData\\Roaming\\firebase\\qureshiismail107_gmail_com_application_default_credentials.json"}}
[debug] [2023-12-31T15:46:46.794Z] > refreshing access token with scopes: []
[debug] [2023-12-31T15:46:46.797Z] >>> [apiv2][query] POST https://www.googleapis.com/oauth2/v3/token [none]
[debug] [2023-12-31T15:46:46.797Z] >>> [apiv2][body] POST https://www.googleapis.com/oauth2/v3/token [omitted]
[debug] [2023-12-31T15:46:47.333Z] <<< [apiv2][status] POST https://www.googleapis.com/oauth2/v3/token 200
[debug] [2023-12-31T15:46:47.333Z] <<< [apiv2][body] POST https://www.googleapis.com/oauth2/v3/token [omitted]
[debug] [2023-12-31T15:46:47.350Z] >>> [apiv2][query] GET https://firebase.googleapis.com/v1beta1/projects/almayas-12/adminSdkConfig [none]
[debug] [2023-12-31T15:46:47.413Z] <<< [apiv2][status] GET https://firebase-public.firebaseio.com/cli.json 200
[debug] [2023-12-31T15:46:47.414Z] <<< [apiv2][body] GET https://firebase-public.firebaseio.com/cli.json {"cloudBuildErrorAfter":1594252800000,"cloudBuildWarnAfter":1590019200000,"defaultNode10After":1594252800000,"minVersion":"3.0.5","node8DeploysDisabledAfter":1613390400000,"node8RuntimeDisabledAfter":1615809600000,"node8WarnAfter":1600128000000}
[debug] [2023-12-31T15:46:47.971Z] <<< [apiv2][status] GET https://firebase.googleapis.com/v1beta1/projects/almayas-12/adminSdkConfig 200
[debug] [2023-12-31T15:46:47.971Z] <<< [apiv2][body] GET https://firebase.googleapis.com/v1beta1/projects/almayas-12/adminSdkConfig {"projectId":"almayas-12","storageBucket":"almayas-12.appspot.com"}
[debug] [2023-12-31T15:46:48.010Z] >>> [apiv2][query] GET https://firebasehosting.googleapis.com/v1beta1/projects/almayas-12/sites 
[debug] [2023-12-31T15:46:49.752Z] <<< [apiv2][status] GET https://firebasehosting.googleapis.com/v1beta1/projects/almayas-12/sites 200
[debug] [2023-12-31T15:46:49.752Z] <<< [apiv2][body] GET https://firebasehosting.googleapis.com/v1beta1/projects/almayas-12/sites {"sites":[{"name":"projects/almayas-12/sites/almayas-12","defaultUrl":"https://almayas-12.web.app","appId":"1:577981172564:web:293a57f2eb746f064096c1","type":"DEFAULT_SITE"}]}
[debug] [2023-12-31T15:46:49.753Z] >>> [apiv2][query] GET https://firebase.googleapis.com/v1beta1/projects/almayas-12/webApps/1:577981172564:web:293a57f2eb746f064096c1/config [none]
[debug] [2023-12-31T15:46:50.536Z] <<< [apiv2][status] GET https://firebase.googleapis.com/v1beta1/projects/almayas-12/webApps/1:577981172564:web:293a57f2eb746f064096c1/config 200
[debug] [2023-12-31T15:46:50.536Z] <<< [apiv2][body] GET https://firebase.googleapis.com/v1beta1/projects/almayas-12/webApps/1:577981172564:web:293a57f2eb746f064096c1/config {"projectId":"almayas-12","appId":"1:577981172564:web:293a57f2eb746f064096c1","storageBucket":"almayas-12.appspot.com","apiKey":"AIzaSyAUUIw47y5RfDdjTwjLVf1Rg0wmVIj8Fpc","authDomain":"almayas-12.firebaseapp.com","messagingSenderId":"577981172564","measurementId":"G-SQCB4BLPTQ"}
[debug] [2023-12-31T15:46:50.553Z] >>> [apiv2][query] GET https://firebase.googleapis.com/v1beta1/projects/almayas-12 [none]
[debug] [2023-12-31T15:46:50.894Z] <<< [apiv2][status] GET https://firebase.googleapis.com/v1beta1/projects/almayas-12 200
[debug] [2023-12-31T15:46:50.895Z] <<< [apiv2][body] GET https://firebase.googleapis.com/v1beta1/projects/almayas-12 {"projectId":"almayas-12","projectNumber":"577981172564","displayName":"almayas-12","name":"projects/almayas-12","resources":{"hostingSite":"almayas-12"},"state":"ACTIVE","etag":"1_1000080d-92de-4416-a4d1-d567aae8114d"}
[info] i  hosting[almayas-12]: Serving hosting files from: build {"metadata":{"emulator":{"name":"hosting"},"message":"Serving hosting files from: \u001b[1mbuild\u001b[22m"}}
[info] +  hosting[almayas-12]: Local server: http://127.0.0.1:5000 {"metadata":{"emulator":{"name":"hosting"},"message":"Local server: \u001b[4m\u001b[1mhttp://127.0.0.1:5000\u001b[22m\u001b[24m"}}
[debug] [2023-12-31T15:46:50.961Z] Ignoring unsupported arg: auto_download {"metadata":{"emulator":{"name":"ui"},"message":"Ignoring unsupported arg: auto_download"}}
[debug] [2023-12-31T15:46:50.961Z] Ignoring unsupported arg: port {"metadata":{"emulator":{"name":"ui"},"message":"Ignoring unsupported arg: port"}}
[debug] [2023-12-31T15:46:50.961Z] Starting Emulator UI with command {"binary":"node","args":["C:\\Users\\HP Laptop\\.cache\\firebase\\emulators\\ui-v1.11.7\\server\\server.js"],"optionalArgs":[],"joinArgs":false} {"metadata":{"emulator":{"name":"ui"},"message":"Starting Emulator UI with command {\"binary\":\"node\",\"args\":[\"C:\\\\Users\\\\HP Laptop\\\\.cache\\\\firebase\\\\emulators\\\\ui-v1.11.7\\\\server\\\\server.js\"],\"optionalArgs\":[],\"joinArgs\":false}"}}
[info] i  ui: Emulator UI logging to ui-debug.log {"metadata":{"emulator":{"name":"ui"},"message":"Emulator UI logging to \u001b[1mui-debug.log\u001b[22m"}}
[debug] [2023-12-31T15:46:51.279Z] Web / API server started at 127.0.0.1:4000
 {"metadata":{"emulator":{"name":"ui"},"message":"Web / API server started at 127.0.0.1:4000\n"}}
[debug] [2023-12-31T15:46:51.280Z] Web / API server started at ::1:4000
 {"metadata":{"emulator":{"name":"ui"},"message":"Web / API server started at ::1:4000\n"}}
[info] i  functions: Watching "G:\Almayas Web Development\almayas-12\functions" for Cloud Functions... {"metadata":{"emulator":{"name":"functions"},"message":"Watching \"G:\\Almayas Web Development\\almayas-12\\functions\" for Cloud Functions..."}}
[debug] [2023-12-31T15:46:51.545Z] Validating nodejs source
[debug] [2023-12-31T15:47:00.596Z] > [functions] package.json contents: {
  "name": "functions",
  "description": "Cloud Functions for Firebase",
  "scripts": {
    "lint": "eslint .",
    "serve": "firebase emulators:start --only functions",
    "shell": "firebase functions:shell",
    "start": "npm run shell",
    "deploy": "firebase deploy --only functions",
    "logs": "firebase functions:log"
  },
  "engines": {
    "node": "18"
  },
  "main": "index.js",
  "dependencies": {
    "cors": "^2.8.5",
    "express": "^4.18.2",
    "firebase-admin": "^11.8.0",
    "firebase-functions": "^4.3.1",
    "stripe": "^14.10.0"
  },
  "devDependencies": {
    "eslint": "^8.15.0",
    "eslint-config-google": "^0.14.0",
    "firebase-functions-test": "^3.1.0"
  },
  "private": true
}
[debug] [2023-12-31T15:47:00.596Z] Building nodejs source
[debug] [2023-12-31T15:47:00.597Z] Failed to find version of module node: reached end of search path G:\Almayas Web Development\almayas-12\functions\node_modules
[warn] !  functions: Your requested "node" version "18" doesn't match your global version "20". Using node@20 from host. 
[debug] [2023-12-31T15:47:00.605Z] Could not find functions.yaml. Must use http discovery
[debug] [2023-12-31T15:47:00.692Z] Found firebase-functions binary at 'G:\Almayas Web Development\almayas-12\functions\node_modules\.bin\firebase-functions'
[info] Serving at port 8202

[error] !!  functions: Failed to load function definition from source: FirebaseError: User code failed to load. Cannot determine backend specification {"metadata":{"emulator":{"name":"functions"},"message":"Failed to load function definition from source: FirebaseError: User code failed to load. Cannot determine backend specification"}}
[info] 
┌─────────────────────────────────────────────────────────────┐
│ ✔  All emulators ready! It is now safe to connect your app. │
│ i  View Emulator UI at http://127.0.0.1:4000/               │
└─────────────────────────────────────────────────────────────┘

┌───────────┬────────────────┬─────────────────────────────────┐
│ Emulator  │ Host:Port      │ View in Emulator UI             │
├───────────┼────────────────┼─────────────────────────────────┤
│ Functions │ 127.0.0.1:5001 │ http://127.0.0.1:4000/functions │
├───────────┼────────────────┼─────────────────────────────────┤
│ Hosting   │ 127.0.0.1:5000 │ n/a                             │
└───────────┴────────────────┴─────────────────────────────────┘
  Emulator Hub running at 127.0.0.1:4400
  Other reserved ports: 4500

Issues? Report them at https://github.com/firebase/firebase-tools/issues and attach the *-debug.log files.
 
[debug] [2023-12-31T18:21:23.552Z] File G:\Almayas Web Development\almayas-12\functions\index.js changed, reloading triggers {"metadata":{"emulator":{"name":"functions"},"message":"File G:\\Almayas Web Development\\almayas-12\\functions\\index.js changed, reloading triggers"}}
[debug] [2023-12-31T18:21:24.639Z] Validating nodejs source
[debug] [2023-12-31T18:21:30.734Z] > [functions] package.json contents: {
  "name": "functions",
  "description": "Cloud Functions for Firebase",
  "scripts": {
    "lint": "eslint .",
    "serve": "firebase emulators:start --only functions",
    "shell": "firebase functions:shell",
    "start": "npm run shell",
    "deploy": "firebase deploy --only functions",
    "logs": "firebase functions:log"
  },
  "engines": {
    "node": "18"
  },
  "main": "index.js",
  "dependencies": {
    "cors": "^2.8.5",
    "express": "^4.18.2",
    "firebase-admin": "^11.8.0",
    "firebase-functions": "^4.3.1",
    "stripe": "^14.10.0"
  },
  "devDependencies": {
    "eslint": "^8.15.0",
    "eslint-config-google": "^0.14.0",
    "firebase-functions-test": "^3.1.0"
  },
  "private": true
}
[debug] [2023-12-31T18:21:30.736Z] Building nodejs source
[debug] [2023-12-31T18:21:30.736Z] Failed to find version of module node: reached end of search path G:\Almayas Web Development\almayas-12\functions\node_modules
[warn] !  functions: Your requested "node" version "18" doesn't match your global version "20". Using node@20 from host. 
[debug] [2023-12-31T18:21:30.747Z] Could not find functions.yaml. Must use http discovery
[debug] [2023-12-31T18:21:30.813Z] Found firebase-functions binary at 'G:\Almayas Web Development\almayas-12\functions\node_modules\.bin\firebase-functions'
[info] Serving at port 8514

[debug] [2023-12-31T18:21:40.721Z] Got response from /__/functions.yaml {"endpoints":{"api":{"platform":"gcfv1","availableMemoryMb":null,"timeoutSeconds":null,"minInstances":null,"maxInstances":null,"ingressSettings":null,"serviceAccountEmail":null,"vpc":null,"httpsTrigger":{},"entryPoint":"api"}},"specVersion":"v1alpha1","requiredAPIs":[]}
[info] +  functions: Loaded functions definitions from source: api. {"metadata":{"emulator":{"name":"functions"},"message":"Loaded functions definitions from source: api."}}
[info] +  functions[us-central1-api]: http function initialized (http://127.0.0.1:5001/almayas-12/us-central1/api). {"metadata":{"emulator":{"name":"functions"},"message":"\u001b[1mhttp\u001b[22m function initialized (http://127.0.0.1:5001/almayas-12/us-central1/api)."}}
[debug] [2023-12-31T18:26:53.984Z] File G:\Almayas Web Development\almayas-12\functions\index.js changed, reloading triggers {"metadata":{"emulator":{"name":"functions"},"message":"File G:\\Almayas Web Development\\almayas-12\\functions\\index.js changed, reloading triggers"}}
[debug] [2023-12-31T18:26:55.000Z] Validating nodejs source
[debug] [2023-12-31T18:26:59.805Z] > [functions] package.json contents: {
  "name": "functions",
  "description": "Cloud Functions for Firebase",
  "scripts": {
    "lint": "eslint .",
    "serve": "firebase emulators:start --only functions",
    "shell": "firebase functions:shell",
    "start": "npm run shell",
    "deploy": "firebase deploy --only functions",
    "logs": "firebase functions:log"
  },
  "engines": {
    "node": "18"
  },
  "main": "index.js",
  "dependencies": {
    "cors": "^2.8.5",
    "express": "^4.18.2",
    "firebase-admin": "^11.8.0",
    "firebase-functions": "^4.3.1",
    "stripe": "^14.10.0"
  },
  "devDependencies": {
    "eslint": "^8.15.0",
    "eslint-config-google": "^0.14.0",
    "firebase-functions-test": "^3.1.0"
  },
  "private": true
}
[debug] [2023-12-31T18:26:59.806Z] Building nodejs source
[debug] [2023-12-31T18:26:59.808Z] Failed to find version of module node: reached end of search path G:\Almayas Web Development\almayas-12\functions\node_modules
[warn] !  functions: Your requested "node" version "18" doesn't match your global version "20". Using node@20 from host. 
[debug] [2023-12-31T18:26:59.813Z] Could not find functions.yaml. Must use http discovery
[debug] [2023-12-31T18:26:59.831Z] Found firebase-functions binary at 'G:\Almayas Web Development\almayas-12\functions\node_modules\.bin\firebase-functions'
[info] Serving at port 8509

[debug] [2023-12-31T18:27:01.080Z] Got response from /__/functions.yaml {"endpoints":{"api":{"platform":"gcfv1","availableMemoryMb":null,"timeoutSeconds":null,"minInstances":null,"maxInstances":null,"ingressSettings":null,"serviceAccountEmail":null,"vpc":null,"httpsTrigger":{},"entryPoint":"api"}},"specVersion":"v1alpha1","requiredAPIs":[]}
[info] +  functions: Loaded functions definitions from source: api. {"metadata":{"emulator":{"name":"functions"},"message":"Loaded functions definitions from source: api."}}
[debug] [2023-12-31T18:29:22.382Z] File G:\Almayas Web Development\almayas-12\functions\index.js changed, reloading triggers {"metadata":{"emulator":{"name":"functions"},"message":"File G:\\Almayas Web Development\\almayas-12\\functions\\index.js changed, reloading triggers"}}
[debug] [2023-12-31T18:29:22.920Z] File G:\Almayas Web Development\almayas-12\functions\index.js changed, reloading triggers {"metadata":{"emulator":{"name":"functions"},"message":"File G:\\Almayas Web Development\\almayas-12\\functions\\index.js changed, reloading triggers"}}
[debug] [2023-12-31T18:29:23.933Z] Validating nodejs source
[debug] [2023-12-31T18:29:28.768Z] > [functions] package.json contents: {
  "name": "functions",
  "description": "Cloud Functions for Firebase",
  "scripts": {
    "lint": "eslint .",
    "serve": "firebase emulators:start --only functions",
    "shell": "firebase functions:shell",
    "start": "npm run shell",
    "deploy": "firebase deploy --only functions",
    "logs": "firebase functions:log"
  },
  "engines": {
    "node": "18"
  },
  "main": "index.js",
  "dependencies": {
    "cors": "^2.8.5",
    "express": "^4.18.2",
    "firebase-admin": "^11.8.0",
    "firebase-functions": "^4.3.1",
    "stripe": "^14.10.0"
  },
  "devDependencies": {
    "eslint": "^8.15.0",
    "eslint-config-google": "^0.14.0",
    "firebase-functions-test": "^3.1.0"
  },
  "private": true
}
[debug] [2023-12-31T18:29:28.769Z] Building nodejs source
[debug] [2023-12-31T18:29:28.769Z] Failed to find version of module node: reached end of search path G:\Almayas Web Development\almayas-12\functions\node_modules
[warn] !  functions: Your requested "node" version "18" doesn't match your global version "20". Using node@20 from host. 
[debug] [2023-12-31T18:29:28.772Z] Could not find functions.yaml. Must use http discovery
[debug] [2023-12-31T18:29:28.786Z] Found firebase-functions binary at 'G:\Almayas Web Development\almayas-12\functions\node_modules\.bin\firebase-functions'
[debug] [2023-12-31T18:29:29.786Z] File G:\Almayas Web Development\almayas-12\functions\index.js changed, reloading triggers {"metadata":{"emulator":{"name":"functions"},"message":"File G:\\Almayas Web Development\\almayas-12\\functions\\index.js changed, reloading triggers"}}
[debug] [2023-12-31T18:29:30.409Z] File G:\Almayas Web Development\almayas-12\functions\index.js changed, reloading triggers {"metadata":{"emulator":{"name":"functions"},"message":"File G:\\Almayas Web Development\\almayas-12\\functions\\index.js changed, reloading triggers"}}
[info] Serving at port 8613

[debug] [2023-12-31T18:29:31.454Z] Validating nodejs source
[debug] [2023-12-31T18:29:37.381Z] > [functions] package.json contents: {
  "name": "functions",
  "description": "Cloud Functions for Firebase",
  "scripts": {
    "lint": "eslint .",
    "serve": "firebase emulators:start --only functions",
    "shell": "firebase functions:shell",
    "start": "npm run shell",
    "deploy": "firebase deploy --only functions",
    "logs": "firebase functions:log"
  },
  "engines": {
    "node": "18"
  },
  "main": "index.js",
  "dependencies": {
    "cors": "^2.8.5",
    "express": "^4.18.2",
    "firebase-admin": "^11.8.0",
    "firebase-functions": "^4.3.1",
    "stripe": "^14.10.0"
  },
  "devDependencies": {
    "eslint": "^8.15.0",
    "eslint-config-google": "^0.14.0",
    "firebase-functions-test": "^3.1.0"
  },
  "private": true
}
[debug] [2023-12-31T18:29:37.381Z] Building nodejs source
[debug] [2023-12-31T18:29:37.382Z] Failed to find version of module node: reached end of search path G:\Almayas Web Development\almayas-12\functions\node_modules
[warn] !  functions: Your requested "node" version "18" doesn't match your global version "20". Using node@20 from host. 
[debug] [2023-12-31T18:29:37.388Z] Got response from /__/functions.yaml {"endpoints":{"api":{"platform":"gcfv1","availableMemoryMb":null,"timeoutSeconds":null,"minInstances":null,"maxInstances":null,"ingressSettings":null,"serviceAccountEmail":null,"vpc":null,"httpsTrigger":{},"entryPoint":"api"}},"specVersion":"v1alpha1","requiredAPIs":[]}
[debug] [2023-12-31T18:29:37.391Z] Could not find functions.yaml. Must use http discovery
[debug] [2023-12-31T18:29:37.405Z] Found firebase-functions binary at 'G:\Almayas Web Development\almayas-12\functions\node_modules\.bin\firebase-functions'
[debug] [2023-12-31T18:29:37.573Z] File G:\Almayas Web Development\almayas-12\functions\index.js changed, reloading triggers {"metadata":{"emulator":{"name":"functions"},"message":"File G:\\Almayas Web Development\\almayas-12\\functions\\index.js changed, reloading triggers"}}
[info] Serving at port 8742

[error] G:\Almayas Web Development\almayas-12\functions\index.js:6
const stripe =require("stripe")('pk_test_51Ny5oMCllkDjlmChkG1TbOmt0oznTlfU2WrCBTDl4sh1myzJQlxFtPUl1LX3oRrbU8pQ3UL4r7y7O73rn5zoG9s100Z7ZVIBvz);
                                ^^^^^^^^^^^^^^^^^^^^^^^^^^^^^^^^^^^^^^^^^^^^^^^^^^^^^^^^^^^^^^^^^^^^^^^^^^^^^^^^^^^^^^^^^^^^^^^^^^^^^^^^^^^^^^

SyntaxError: Invalid or unexpected token
    at internalCompileFunction (node:internal/vm:77:18)
    at wrapSafe (node:internal/modules/cjs/loader:1288:20)
    at Module._compile (node:internal/modules/cjs/loader:1340:27)
    at Module._extensions..js (node:internal/modules/cjs/loader:1435:10)
    at Module.load (node:internal/modules/cjs/loader:1207:32)
    at Module._load (node:internal/modules/cjs/loader:1023:12)
    at Module.require (node:internal/modules/cjs/loader:1235:19)
    at require (node:internal/modules/helpers:176:18)
    at loadModule (G:\Almayas Web Development\almayas-12\functions\node_modules\firebase-functions\lib\runtime\loader.js:40:16)
    at loadStack (G:\Almayas Web Development\almayas-12\functions\node_modules\firebase-functions\lib\runtime\loader.js:93:23)

[debug] [2023-12-31T18:29:38.443Z] Got response code 400; body Failed to generate manifest from function source: SyntaxError: Invalid or unexpected token
[debug] [2023-12-31T18:29:38.485Z] File G:\Almayas Web Development\almayas-12\functions\index.js changed, reloading triggers {"metadata":{"emulator":{"name":"functions"},"message":"File G:\\Almayas Web Development\\almayas-12\\functions\\index.js changed, reloading triggers"}}
[debug] [2023-12-31T18:29:39.489Z] Validating nodejs source
[debug] [2023-12-31T18:29:44.853Z] > [functions] package.json contents: {
  "name": "functions",
  "description": "Cloud Functions for Firebase",
  "scripts": {
    "lint": "eslint .",
    "serve": "firebase emulators:start --only functions",
    "shell": "firebase functions:shell",
    "start": "npm run shell",
    "deploy": "firebase deploy --only functions",
    "logs": "firebase functions:log"
  },
  "engines": {
    "node": "18"
  },
  "main": "index.js",
  "dependencies": {
    "cors": "^2.8.5",
    "express": "^4.18.2",
    "firebase-admin": "^11.8.0",
    "firebase-functions": "^4.3.1",
    "stripe": "^14.10.0"
  },
  "devDependencies": {
    "eslint": "^8.15.0",
    "eslint-config-google": "^0.14.0",
    "firebase-functions-test": "^3.1.0"
  },
  "private": true
}
[debug] [2023-12-31T18:29:44.853Z] Building nodejs source
[debug] [2023-12-31T18:29:44.854Z] Failed to find version of module node: reached end of search path G:\Almayas Web Development\almayas-12\functions\node_modules
[warn] !  functions: Your requested "node" version "18" doesn't match your global version "20". Using node@20 from host. 
[debug] [2023-12-31T18:29:44.857Z] Could not find functions.yaml. Must use http discovery
[debug] [2023-12-31T18:29:44.872Z] Found firebase-functions binary at 'G:\Almayas Web Development\almayas-12\functions\node_modules\.bin\firebase-functions'
[info] +  functions: Loaded functions definitions from source: api. {"metadata":{"emulator":{"name":"functions"},"message":"Loaded functions definitions from source: api."}}
[error] !!  functions: Failed to load function definition from source: FirebaseError: Functions codebase could not be analyzed successfully. It may have a syntax or runtime error {"metadata":{"emulator":{"name":"functions"},"message":"Failed to load function definition from source: FirebaseError: Functions codebase could not be analyzed successfully. It may have a syntax or runtime error"}}
[debug] [2023-12-31T18:29:44.893Z] File G:\Almayas Web Development\almayas-12\functions\index.js changed, reloading triggers {"metadata":{"emulator":{"name":"functions"},"message":"File G:\\Almayas Web Development\\almayas-12\\functions\\index.js changed, reloading triggers"}}
[info] Serving at port 8664

[debug] [2023-12-31T18:29:45.899Z] Validating nodejs source
[debug] [2023-12-31T18:29:50.907Z] > [functions] package.json contents: {
  "name": "functions",
  "description": "Cloud Functions for Firebase",
  "scripts": {
    "lint": "eslint .",
    "serve": "firebase emulators:start --only functions",
    "shell": "firebase functions:shell",
    "start": "npm run shell",
    "deploy": "firebase deploy --only functions",
    "logs": "firebase functions:log"
  },
  "engines": {
    "node": "18"
  },
  "main": "index.js",
  "dependencies": {
    "cors": "^2.8.5",
    "express": "^4.18.2",
    "firebase-admin": "^11.8.0",
    "firebase-functions": "^4.3.1",
    "stripe": "^14.10.0"
  },
  "devDependencies": {
    "eslint": "^8.15.0",
    "eslint-config-google": "^0.14.0",
    "firebase-functions-test": "^3.1.0"
  },
  "private": true
}
[debug] [2023-12-31T18:29:50.907Z] Building nodejs source
[debug] [2023-12-31T18:29:50.908Z] Failed to find version of module node: reached end of search path G:\Almayas Web Development\almayas-12\functions\node_modules
[warn] !  functions: Your requested "node" version "18" doesn't match your global version "20". Using node@20 from host. 
[debug] [2023-12-31T18:29:50.910Z] Could not find functions.yaml. Must use http discovery
[debug] [2023-12-31T18:29:50.925Z] Found firebase-functions binary at 'G:\Almayas Web Development\almayas-12\functions\node_modules\.bin\firebase-functions'
[debug] [2023-12-31T18:29:50.937Z] Got response from /__/functions.yaml {"endpoints":{"api":{"platform":"gcfv1","availableMemoryMb":null,"timeoutSeconds":null,"minInstances":null,"maxInstances":null,"ingressSettings":null,"serviceAccountEmail":null,"vpc":null,"httpsTrigger":{},"entryPoint":"api"}},"specVersion":"v1alpha1","requiredAPIs":[]}
[info] Serving at port 8977

[debug] [2023-12-31T18:29:52.065Z] Got response from /__/functions.yaml {"endpoints":{"api":{"platform":"gcfv1","availableMemoryMb":null,"timeoutSeconds":null,"minInstances":null,"maxInstances":null,"ingressSettings":null,"serviceAccountEmail":null,"vpc":null,"httpsTrigger":{},"entryPoint":"api"}},"specVersion":"v1alpha1","requiredAPIs":[]}
[info] +  functions: Loaded functions definitions from source: api. {"metadata":{"emulator":{"name":"functions"},"message":"Loaded functions definitions from source: api."}}
[info] +  functions: Loaded functions definitions from source: api. {"metadata":{"emulator":{"name":"functions"},"message":"Loaded functions definitions from source: api."}}
[debug] [2023-12-31T18:30:33.169Z] File G:\Almayas Web Development\almayas-12\functions\index.js changed, reloading triggers {"metadata":{"emulator":{"name":"functions"},"message":"File G:\\Almayas Web Development\\almayas-12\\functions\\index.js changed, reloading triggers"}}
[debug] [2023-12-31T18:30:34.182Z] Validating nodejs source
[debug] [2023-12-31T18:30:39.541Z] > [functions] package.json contents: {
  "name": "functions",
  "description": "Cloud Functions for Firebase",
  "scripts": {
    "lint": "eslint .",
    "serve": "firebase emulators:start --only functions",
    "shell": "firebase functions:shell",
    "start": "npm run shell",
    "deploy": "firebase deploy --only functions",
    "logs": "firebase functions:log"
  },
  "engines": {
    "node": "18"
  },
  "main": "index.js",
  "dependencies": {
    "cors": "^2.8.5",
    "express": "^4.18.2",
    "firebase-admin": "^11.8.0",
    "firebase-functions": "^4.3.1",
    "stripe": "^14.10.0"
  },
  "devDependencies": {
    "eslint": "^8.15.0",
    "eslint-config-google": "^0.14.0",
    "firebase-functions-test": "^3.1.0"
  },
  "private": true
}
[debug] [2023-12-31T18:30:39.541Z] Building nodejs source
[debug] [2023-12-31T18:30:39.541Z] Failed to find version of module node: reached end of search path G:\Almayas Web Development\almayas-12\functions\node_modules
[warn] !  functions: Your requested "node" version "18" doesn't match your global version "20". Using node@20 from host. 
[debug] [2023-12-31T18:30:39.543Z] Could not find functions.yaml. Must use http discovery
[debug] [2023-12-31T18:30:39.559Z] Found firebase-functions binary at 'G:\Almayas Web Development\almayas-12\functions\node_modules\.bin\firebase-functions'
[info] Serving at port 8399

[debug] [2023-12-31T18:30:42.325Z] Got response from /__/functions.yaml {"endpoints":{"api":{"platform":"gcfv1","availableMemoryMb":null,"timeoutSeconds":null,"minInstances":null,"maxInstances":null,"ingressSettings":null,"serviceAccountEmail":null,"vpc":null,"httpsTrigger":{},"entryPoint":"api"}},"specVersion":"v1alpha1","requiredAPIs":[]}
[info] +  functions: Loaded functions definitions from source: api. {"metadata":{"emulator":{"name":"functions"},"message":"Loaded functions definitions from source: api."}}
[debug] [2023-12-31T18:31:52.829Z] File G:\Almayas Web Development\almayas-12\functions\index.js changed, reloading triggers {"metadata":{"emulator":{"name":"functions"},"message":"File G:\\Almayas Web Development\\almayas-12\\functions\\index.js changed, reloading triggers"}}
[debug] [2023-12-31T18:31:53.845Z] Validating nodejs source
[debug] [2023-12-31T18:32:03.879Z] checkFunctionsSDKVersion was unable to fetch information from NPM Error: spawnSync C:\Windows\system32\cmd.exe ETIMEDOUT
    at Object.spawnSync (node:internal/child_process:1124:20)
    at Object.spawnSync (node:child_process:876:24)
    at Function.spawnSync [as sync] (C:\Users\HP Laptop\AppData\Roaming\npm\node_modules\firebase-tools\node_modules\cross-spawn\index.js:26:23)
    at Object.getLatestSDKVersion (C:\Users\HP Laptop\AppData\Roaming\npm\node_modules\firebase-tools\lib\deploy\functions\runtimes\node\versioning.js:54:25)
    at Object.checkFunctionsSDKVersion (C:\Users\HP Laptop\AppData\Roaming\npm\node_modules\firebase-tools\lib\deploy\functions\runtimes\node\versioning.js:74:32)
    at Delegate.validate (C:\Users\HP Laptop\AppData\Roaming\npm\node_modules\firebase-tools\lib\deploy\functions\runtimes\node\index.js:84:20)
    at FunctionsEmulator.discoverTriggers (C:\Users\HP Laptop\AppData\Roaming\npm\node_modules\firebase-tools\lib\emulator\functionsEmulator.js:296:35)
    at async FunctionsEmulator.loadTriggers (C:\Users\HP Laptop\AppData\Roaming\npm\node_modules\firebase-tools\lib\emulator\functionsEmulator.js:325:34)
[debug] [2023-12-31T18:32:03.882Z] > [functions] package.json contents: {
  "name": "functions",
  "description": "Cloud Functions for Firebase",
  "scripts": {
    "lint": "eslint .",
    "serve": "firebase emulators:start --only functions",
    "shell": "firebase functions:shell",
    "start": "npm run shell",
    "deploy": "firebase deploy --only functions",
    "logs": "firebase functions:log"
  },
  "engines": {
    "node": "18"
  },
  "main": "index.js",
  "dependencies": {
    "cors": "^2.8.5",
    "express": "^4.18.2",
    "firebase-admin": "^11.8.0",
    "firebase-functions": "^4.3.1",
    "stripe": "^14.10.0"
  },
  "devDependencies": {
    "eslint": "^8.15.0",
    "eslint-config-google": "^0.14.0",
    "firebase-functions-test": "^3.1.0"
  },
  "private": true
}
[debug] [2023-12-31T18:32:03.882Z] Building nodejs source
[debug] [2023-12-31T18:32:03.883Z] Failed to find version of module node: reached end of search path G:\Almayas Web Development\almayas-12\functions\node_modules
[warn] !  functions: Your requested "node" version "18" doesn't match your global version "20". Using node@20 from host. 
[debug] [2023-12-31T18:32:03.886Z] Could not find functions.yaml. Must use http discovery
[debug] [2023-12-31T18:32:03.912Z] Found firebase-functions binary at 'G:\Almayas Web Development\almayas-12\functions\node_modules\.bin\firebase-functions'
[debug] [2023-12-31T18:32:03.927Z] File G:\Almayas Web Development\almayas-12\functions\index.js changed, reloading triggers {"metadata":{"emulator":{"name":"functions"},"message":"File G:\\Almayas Web Development\\almayas-12\\functions\\index.js changed, reloading triggers"}}
[info] Serving at port 8587

[debug] [2023-12-31T18:32:04.938Z] Validating nodejs source
[debug] [2023-12-31T18:32:13.087Z] > [functions] package.json contents: {
  "name": "functions",
  "description": "Cloud Functions for Firebase",
  "scripts": {
    "lint": "eslint .",
    "serve": "firebase emulators:start --only functions",
    "shell": "firebase functions:shell",
    "start": "npm run shell",
    "deploy": "firebase deploy --only functions",
    "logs": "firebase functions:log"
  },
  "engines": {
    "node": "18"
  },
  "main": "index.js",
  "dependencies": {
    "cors": "^2.8.5",
    "express": "^4.18.2",
    "firebase-admin": "^11.8.0",
    "firebase-functions": "^4.3.1",
    "stripe": "^14.10.0"
  },
  "devDependencies": {
    "eslint": "^8.15.0",
    "eslint-config-google": "^0.14.0",
    "firebase-functions-test": "^3.1.0"
  },
  "private": true
}
[debug] [2023-12-31T18:32:13.088Z] Building nodejs source
[debug] [2023-12-31T18:32:13.088Z] Failed to find version of module node: reached end of search path G:\Almayas Web Development\almayas-12\functions\node_modules
[warn] !  functions: Your requested "node" version "18" doesn't match your global version "20". Using node@20 from host. 
[debug] [2023-12-31T18:32:13.089Z] Could not find functions.yaml. Must use http discovery
[debug] [2023-12-31T18:32:13.102Z] Found firebase-functions binary at 'G:\Almayas Web Development\almayas-12\functions\node_modules\.bin\firebase-functions'
[debug] [2023-12-31T18:32:13.113Z] Got response from /__/functions.yaml {"endpoints":{"api":{"platform":"gcfv1","availableMemoryMb":null,"timeoutSeconds":null,"minInstances":null,"maxInstances":null,"ingressSettings":null,"serviceAccountEmail":null,"vpc":null,"httpsTrigger":{},"entryPoint":"api"}},"specVersion":"v1alpha1","requiredAPIs":[]}
[info] Serving at port 8478

[debug] [2023-12-31T18:32:14.467Z] Got response from /__/functions.yaml {"endpoints":{"api":{"platform":"gcfv1","availableMemoryMb":null,"timeoutSeconds":null,"minInstances":null,"maxInstances":null,"ingressSettings":null,"serviceAccountEmail":null,"vpc":null,"httpsTrigger":{},"entryPoint":"api"}},"specVersion":"v1alpha1","requiredAPIs":[]}
[info] +  functions: Loaded functions definitions from source: api. {"metadata":{"emulator":{"name":"functions"},"message":"Loaded functions definitions from source: api."}}
[info] +  functions: Loaded functions definitions from source: api. {"metadata":{"emulator":{"name":"functions"},"message":"Loaded functions definitions from source: api."}}
[debug] [2023-12-31T18:34:11.988Z] File G:\Almayas Web Development\almayas-12\functions\index.js changed, reloading triggers {"metadata":{"emulator":{"name":"functions"},"message":"File G:\\Almayas Web Development\\almayas-12\\functions\\index.js changed, reloading triggers"}}
[debug] [2023-12-31T18:34:13.010Z] Validating nodejs source
[debug] [2023-12-31T18:34:23.050Z] checkFunctionsSDKVersion was unable to fetch information from NPM Error: spawnSync C:\Windows\system32\cmd.exe ETIMEDOUT
    at Object.spawnSync (node:internal/child_process:1124:20)
    at Object.spawnSync (node:child_process:876:24)
    at Function.spawnSync [as sync] (C:\Users\HP Laptop\AppData\Roaming\npm\node_modules\firebase-tools\node_modules\cross-spawn\index.js:26:23)
    at Object.getLatestSDKVersion (C:\Users\HP Laptop\AppData\Roaming\npm\node_modules\firebase-tools\lib\deploy\functions\runtimes\node\versioning.js:54:25)
    at Object.checkFunctionsSDKVersion (C:\Users\HP Laptop\AppData\Roaming\npm\node_modules\firebase-tools\lib\deploy\functions\runtimes\node\versioning.js:74:32)
    at Delegate.validate (C:\Users\HP Laptop\AppData\Roaming\npm\node_modules\firebase-tools\lib\deploy\functions\runtimes\node\index.js:84:20)
    at FunctionsEmulator.discoverTriggers (C:\Users\HP Laptop\AppData\Roaming\npm\node_modules\firebase-tools\lib\emulator\functionsEmulator.js:296:35)
    at async FunctionsEmulator.loadTriggers (C:\Users\HP Laptop\AppData\Roaming\npm\node_modules\firebase-tools\lib\emulator\functionsEmulator.js:325:34)
[debug] [2023-12-31T18:34:23.054Z] > [functions] package.json contents: {
  "name": "functions",
  "description": "Cloud Functions for Firebase",
  "scripts": {
    "lint": "eslint .",
    "serve": "firebase emulators:start --only functions",
    "shell": "firebase functions:shell",
    "start": "npm run shell",
    "deploy": "firebase deploy --only functions",
    "logs": "firebase functions:log"
  },
  "engines": {
    "node": "18"
  },
  "main": "index.js",
  "dependencies": {
    "cors": "^2.8.5",
    "express": "^4.18.2",
    "firebase-admin": "^11.8.0",
    "firebase-functions": "^4.3.1",
    "stripe": "^14.10.0"
  },
  "devDependencies": {
    "eslint": "^8.15.0",
    "eslint-config-google": "^0.14.0",
    "firebase-functions-test": "^3.1.0"
  },
  "private": true
}
[debug] [2023-12-31T18:34:23.054Z] Building nodejs source
[debug] [2023-12-31T18:34:23.055Z] Failed to find version of module node: reached end of search path G:\Almayas Web Development\almayas-12\functions\node_modules
[warn] !  functions: Your requested "node" version "18" doesn't match your global version "20". Using node@20 from host. 
[debug] [2023-12-31T18:34:23.057Z] Could not find functions.yaml. Must use http discovery
[debug] [2023-12-31T18:34:23.070Z] Found firebase-functions binary at 'G:\Almayas Web Development\almayas-12\functions\node_modules\.bin\firebase-functions'
[info] Serving at port 8182

[debug] [2023-12-31T18:34:24.298Z] Got response from /__/functions.yaml {"endpoints":{"api":{"platform":"gcfv1","availableMemoryMb":null,"timeoutSeconds":null,"minInstances":null,"maxInstances":null,"ingressSettings":null,"serviceAccountEmail":null,"vpc":null,"httpsTrigger":{},"entryPoint":"api"}},"specVersion":"v1alpha1","requiredAPIs":[]}
[info] +  functions: Loaded functions definitions from source: api. {"metadata":{"emulator":{"name":"functions"},"message":"Loaded functions definitions from source: api."}}
[info] i  hosting: 127.0.0.1 - - [31/Dec/2023:18:36:25 +0000] "GET / HTTP/1.1" 200 642 "-" "Mozilla/5.0 (Windows NT 10.0; Win64; x64) AppleWebKit/537.36 (KHTML, like Gecko) Chrome/120.0.0.0 Safari/537.36" {"metadata":{"emulator":{"name":"hosting"},"message":"127.0.0.1 - - [31/Dec/2023:18:36:25 +0000] \"GET / HTTP/1.1\" 200 642 \"-\" \"Mozilla/5.0 (Windows NT 10.0; Win64; x64) AppleWebKit/537.36 (KHTML, like Gecko) Chrome/120.0.0.0 Safari/537.36\""}}
[info] i  hosting: 127.0.0.1 - - [31/Dec/2023:18:36:25 +0000] "GET /static/css/main.03324aa9.css HTTP/1.1" 200 - "http://127.0.0.1:5000/" "Mozilla/5.0 (Windows NT 10.0; Win64; x64) AppleWebKit/537.36 (KHTML, like Gecko) Chrome/120.0.0.0 Safari/537.36" {"metadata":{"emulator":{"name":"hosting"},"message":"127.0.0.1 - - [31/Dec/2023:18:36:25 +0000] \"GET /static/css/main.03324aa9.css HTTP/1.1\" 200 - \"http://127.0.0.1:5000/\" \"Mozilla/5.0 (Windows NT 10.0; Win64; x64) AppleWebKit/537.36 (KHTML, like Gecko) Chrome/120.0.0.0 Safari/537.36\""}}
[info] i  hosting: 127.0.0.1 - - [31/Dec/2023:18:36:25 +0000] "GET /static/js/main.89a1c5ad.js HTTP/1.1" 200 - "http://127.0.0.1:5000/" "Mozilla/5.0 (Windows NT 10.0; Win64; x64) AppleWebKit/537.36 (KHTML, like Gecko) Chrome/120.0.0.0 Safari/537.36" {"metadata":{"emulator":{"name":"hosting"},"message":"127.0.0.1 - - [31/Dec/2023:18:36:25 +0000] \"GET /static/js/main.89a1c5ad.js HTTP/1.1\" 200 - \"http://127.0.0.1:5000/\" \"Mozilla/5.0 (Windows NT 10.0; Win64; x64) AppleWebKit/537.36 (KHTML, like Gecko) Chrome/120.0.0.0 Safari/537.36\""}}
[info] i  hosting: 127.0.0.1 - - [31/Dec/2023:18:36:27 +0000] "GET /images/logo.jpg HTTP/1.1" 200 13875 "http://127.0.0.1:5000/" "Mozilla/5.0 (Windows NT 10.0; Win64; x64) AppleWebKit/537.36 (KHTML, like Gecko) Chrome/120.0.0.0 Safari/537.36" {"metadata":{"emulator":{"name":"hosting"},"message":"127.0.0.1 - - [31/Dec/2023:18:36:27 +0000] \"GET /images/logo.jpg HTTP/1.1\" 200 13875 \"http://127.0.0.1:5000/\" \"Mozilla/5.0 (Windows NT 10.0; Win64; x64) AppleWebKit/537.36 (KHTML, like Gecko) Chrome/120.0.0.0 Safari/537.36\""}}
[info] i  hosting: 127.0.0.1 - - [31/Dec/2023:18:36:27 +0000] "GET /images/p3.jpg HTTP/1.1" 200 131181 "http://127.0.0.1:5000/" "Mozilla/5.0 (Windows NT 10.0; Win64; x64) AppleWebKit/537.36 (KHTML, like Gecko) Chrome/120.0.0.0 Safari/537.36" {"metadata":{"emulator":{"name":"hosting"},"message":"127.0.0.1 - - [31/Dec/2023:18:36:27 +0000] \"GET /images/p3.jpg HTTP/1.1\" 200 131181 \"http://127.0.0.1:5000/\" \"Mozilla/5.0 (Windows NT 10.0; Win64; x64) AppleWebKit/537.36 (KHTML, like Gecko) Chrome/120.0.0.0 Safari/537.36\""}}
[info] i  hosting: 127.0.0.1 - - [31/Dec/2023:18:36:27 +0000] "GET /images/p2.jpg HTTP/1.1" 200 167733 "http://127.0.0.1:5000/" "Mozilla/5.0 (Windows NT 10.0; Win64; x64) AppleWebKit/537.36 (KHTML, like Gecko) Chrome/120.0.0.0 Safari/537.36" {"metadata":{"emulator":{"name":"hosting"},"message":"127.0.0.1 - - [31/Dec/2023:18:36:27 +0000] \"GET /images/p2.jpg HTTP/1.1\" 200 167733 \"http://127.0.0.1:5000/\" \"Mozilla/5.0 (Windows NT 10.0; Win64; x64) AppleWebKit/537.36 (KHTML, like Gecko) Chrome/120.0.0.0 Safari/537.36\""}}
[info] i  hosting: 127.0.0.1 - - [31/Dec/2023:18:36:27 +0000] "GET /images/p1.jpg HTTP/1.1" 200 114650 "http://127.0.0.1:5000/" "Mozilla/5.0 (Windows NT 10.0; Win64; x64) AppleWebKit/537.36 (KHTML, like Gecko) Chrome/120.0.0.0 Safari/537.36" {"metadata":{"emulator":{"name":"hosting"},"message":"127.0.0.1 - - [31/Dec/2023:18:36:27 +0000] \"GET /images/p1.jpg HTTP/1.1\" 200 114650 \"http://127.0.0.1:5000/\" \"Mozilla/5.0 (Windows NT 10.0; Win64; x64) AppleWebKit/537.36 (KHTML, like Gecko) Chrome/120.0.0.0 Safari/537.36\""}}
[info] i  hosting: 127.0.0.1 - - [31/Dec/2023:18:36:27 +0000] "GET /images/p5.jpg HTTP/1.1" 200 149749 "http://127.0.0.1:5000/" "Mozilla/5.0 (Windows NT 10.0; Win64; x64) AppleWebKit/537.36 (KHTML, like Gecko) Chrome/120.0.0.0 Safari/537.36" {"metadata":{"emulator":{"name":"hosting"},"message":"127.0.0.1 - - [31/Dec/2023:18:36:27 +0000] \"GET /images/p5.jpg HTTP/1.1\" 200 149749 \"http://127.0.0.1:5000/\" \"Mozilla/5.0 (Windows NT 10.0; Win64; x64) AppleWebKit/537.36 (KHTML, like Gecko) Chrome/120.0.0.0 Safari/537.36\""}}
[info] i  hosting: 127.0.0.1 - - [31/Dec/2023:18:36:27 +0000] "GET /images/p6.jpg HTTP/1.1" 200 131099 "http://127.0.0.1:5000/" "Mozilla/5.0 (Windows NT 10.0; Win64; x64) AppleWebKit/537.36 (KHTML, like Gecko) Chrome/120.0.0.0 Safari/537.36" {"metadata":{"emulator":{"name":"hosting"},"message":"127.0.0.1 - - [31/Dec/2023:18:36:27 +0000] \"GET /images/p6.jpg HTTP/1.1\" 200 131099 \"http://127.0.0.1:5000/\" \"Mozilla/5.0 (Windows NT 10.0; Win64; x64) AppleWebKit/537.36 (KHTML, like Gecko) Chrome/120.0.0.0 Safari/537.36\""}}
[info] i  hosting: 127.0.0.1 - - [31/Dec/2023:18:36:27 +0000] "GET /images/p4.jpg HTTP/1.1" 200 229000 "http://127.0.0.1:5000/" "Mozilla/5.0 (Windows NT 10.0; Win64; x64) AppleWebKit/537.36 (KHTML, like Gecko) Chrome/120.0.0.0 Safari/537.36" {"metadata":{"emulator":{"name":"hosting"},"message":"127.0.0.1 - - [31/Dec/2023:18:36:27 +0000] \"GET /images/p4.jpg HTTP/1.1\" 200 229000 \"http://127.0.0.1:5000/\" \"Mozilla/5.0 (Windows NT 10.0; Win64; x64) AppleWebKit/537.36 (KHTML, like Gecko) Chrome/120.0.0.0 Safari/537.36\""}}
[info] i  hosting: 127.0.0.1 - - [31/Dec/2023:18:36:27 +0000] "GET /images/home.png HTTP/1.1" 200 261073 "http://127.0.0.1:5000/" "Mozilla/5.0 (Windows NT 10.0; Win64; x64) AppleWebKit/537.36 (KHTML, like Gecko) Chrome/120.0.0.0 Safari/537.36" {"metadata":{"emulator":{"name":"hosting"},"message":"127.0.0.1 - - [31/Dec/2023:18:36:27 +0000] \"GET /images/home.png HTTP/1.1\" 200 261073 \"http://127.0.0.1:5000/\" \"Mozilla/5.0 (Windows NT 10.0; Win64; x64) AppleWebKit/537.36 (KHTML, like Gecko) Chrome/120.0.0.0 Safari/537.36\""}}
[info] i  hosting: 127.0.0.1 - - [31/Dec/2023:18:36:30 +0000] "GET /cart.json HTTP/1.1" 200 642 "-" "Mozilla/5.0 (Windows NT 10.0; Win64; x64) AppleWebKit/537.36 (KHTML, like Gecko) Chrome/120.0.0.0 Safari/537.36" {"metadata":{"emulator":{"name":"hosting"},"message":"127.0.0.1 - - [31/Dec/2023:18:36:30 +0000] \"GET /cart.json HTTP/1.1\" 200 642 \"-\" \"Mozilla/5.0 (Windows NT 10.0; Win64; x64) AppleWebKit/537.36 (KHTML, like Gecko) Chrome/120.0.0.0 Safari/537.36\""}}
[info] i  hosting: 127.0.0.1 - - [31/Dec/2023:18:36:31 +0000] "GET /manifest.json HTTP/1.1" 200 492 "http://127.0.0.1:5000/" "Mozilla/5.0 (Windows NT 10.0; Win64; x64) AppleWebKit/537.36 (KHTML, like Gecko) Chrome/120.0.0.0 Safari/537.36" {"metadata":{"emulator":{"name":"hosting"},"message":"127.0.0.1 - - [31/Dec/2023:18:36:31 +0000] \"GET /manifest.json HTTP/1.1\" 200 492 \"http://127.0.0.1:5000/\" \"Mozilla/5.0 (Windows NT 10.0; Win64; x64) AppleWebKit/537.36 (KHTML, like Gecko) Chrome/120.0.0.0 Safari/537.36\""}}
[info] i  hosting: 127.0.0.1 - - [31/Dec/2023:18:36:31 +0000] "GET /logo192.png HTTP/1.1" 200 5347 "http://127.0.0.1:5000/" "Mozilla/5.0 (Windows NT 10.0; Win64; x64) AppleWebKit/537.36 (KHTML, like Gecko) Chrome/120.0.0.0 Safari/537.36" {"metadata":{"emulator":{"name":"hosting"},"message":"127.0.0.1 - - [31/Dec/2023:18:36:31 +0000] \"GET /logo192.png HTTP/1.1\" 200 5347 \"http://127.0.0.1:5000/\" \"Mozilla/5.0 (Windows NT 10.0; Win64; x64) AppleWebKit/537.36 (KHTML, like Gecko) Chrome/120.0.0.0 Safari/537.36\""}}
[debug] [2023-12-31T18:42:33.643Z] File G:\Almayas Web Development\almayas-12\functions\index.js changed, reloading triggers {"metadata":{"emulator":{"name":"functions"},"message":"File G:\\Almayas Web Development\\almayas-12\\functions\\index.js changed, reloading triggers"}}
[debug] [2023-12-31T18:42:34.666Z] Validating nodejs source
[debug] [2023-12-31T18:42:40.141Z] > [functions] package.json contents: {
  "name": "functions",
  "description": "Cloud Functions for Firebase",
  "scripts": {
    "lint": "eslint .",
    "serve": "firebase emulators:start --only functions",
    "shell": "firebase functions:shell",
    "start": "npm run shell",
    "deploy": "firebase deploy --only functions",
    "logs": "firebase functions:log"
  },
  "engines": {
    "node": "18"
  },
  "main": "index.js",
  "dependencies": {
    "cors": "^2.8.5",
    "express": "^4.18.2",
    "firebase-admin": "^11.8.0",
    "firebase-functions": "^4.3.1",
    "stripe": "^14.10.0"
  },
  "devDependencies": {
    "eslint": "^8.15.0",
    "eslint-config-google": "^0.14.0",
    "firebase-functions-test": "^3.1.0"
  },
  "private": true
}
[debug] [2023-12-31T18:42:40.142Z] Building nodejs source
[debug] [2023-12-31T18:42:40.142Z] Failed to find version of module node: reached end of search path G:\Almayas Web Development\almayas-12\functions\node_modules
[warn] !  functions: Your requested "node" version "18" doesn't match your global version "20". Using node@20 from host. 
[debug] [2023-12-31T18:42:40.152Z] Could not find functions.yaml. Must use http discovery
[debug] [2023-12-31T18:42:40.170Z] Found firebase-functions binary at 'G:\Almayas Web Development\almayas-12\functions\node_modules\.bin\firebase-functions'
[debug] [2023-12-31T18:42:40.227Z] File G:\Almayas Web Development\almayas-12\functions\index.js changed, reloading triggers {"metadata":{"emulator":{"name":"functions"},"message":"File G:\\Almayas Web Development\\almayas-12\\functions\\index.js changed, reloading triggers"}}
[debug] [2023-12-31T18:42:40.989Z] File G:\Almayas Web Development\almayas-12\functions\index.js changed, reloading triggers {"metadata":{"emulator":{"name":"functions"},"message":"File G:\\Almayas Web Development\\almayas-12\\functions\\index.js changed, reloading triggers"}}
[debug] [2023-12-31T18:42:41.992Z] Validating nodejs source
[debug] [2023-12-31T18:42:46.489Z] > [functions] package.json contents: {
  "name": "functions",
  "description": "Cloud Functions for Firebase",
  "scripts": {
    "lint": "eslint .",
    "serve": "firebase emulators:start --only functions",
    "shell": "firebase functions:shell",
    "start": "npm run shell",
    "deploy": "firebase deploy --only functions",
    "logs": "firebase functions:log"
  },
  "engines": {
    "node": "18"
  },
  "main": "index.js",
  "dependencies": {
    "cors": "^2.8.5",
    "express": "^4.18.2",
    "firebase-admin": "^11.8.0",
    "firebase-functions": "^4.3.1",
    "stripe": "^14.10.0"
  },
  "devDependencies": {
    "eslint": "^8.15.0",
    "eslint-config-google": "^0.14.0",
    "firebase-functions-test": "^3.1.0"
  },
  "private": true
}
[debug] [2023-12-31T18:42:46.490Z] Building nodejs source
[debug] [2023-12-31T18:42:46.490Z] Failed to find version of module node: reached end of search path G:\Almayas Web Development\almayas-12\functions\node_modules
[warn] !  functions: Your requested "node" version "18" doesn't match your global version "20". Using node@20 from host. 
[debug] [2023-12-31T18:42:46.492Z] Could not find functions.yaml. Must use http discovery
[debug] [2023-12-31T18:42:46.502Z] Found firebase-functions binary at 'G:\Almayas Web Development\almayas-12\functions\node_modules\.bin\firebase-functions'
[info] Serving at port 8589

[info] Serving at port 8034

[debug] [2023-12-31T18:42:47.359Z] Got response from /__/functions.yaml {"endpoints":{"api":{"platform":"gcfv1","availableMemoryMb":null,"timeoutSeconds":null,"minInstances":null,"maxInstances":null,"ingressSettings":null,"serviceAccountEmail":null,"vpc":null,"httpsTrigger":{},"entryPoint":"api"}},"specVersion":"v1alpha1","requiredAPIs":[]}
[debug] [2023-12-31T18:42:47.673Z] Got response from /__/functions.yaml {"endpoints":{"api":{"platform":"gcfv1","availableMemoryMb":null,"timeoutSeconds":null,"minInstances":null,"maxInstances":null,"ingressSettings":null,"serviceAccountEmail":null,"vpc":null,"httpsTrigger":{},"entryPoint":"api"}},"specVersion":"v1alpha1","requiredAPIs":[]}
[info] +  functions: Loaded functions definitions from source: api. {"metadata":{"emulator":{"name":"functions"},"message":"Loaded functions definitions from source: api."}}
[info] +  functions: Loaded functions definitions from source: api. {"metadata":{"emulator":{"name":"functions"},"message":"Loaded functions definitions from source: api."}}
